[2015-03-25 01:02:38] - 회원 만료된 적립금/포인트 차감
[2015-03-25 01:02:38] - 쇼핑몰 분류 동기화
[2015-03-25 01:02:38] - 택배사 동기화
[2015-03-25 01:02:39] - 자동 주문 취소
[2015-03-25 01:02:39] - 장바구니 비우기
[2015-03-25 01:02:39] - 자동 구매확정
[2015-03-25 01:02:39] - 쿠폰상품 유효기간 체크 판매중지
[2015-03-25 01:02:39] - 통계데이터 삭제
[2015-03-25 01:02:39] - log 삭제
[2015-03-25 01:02:39] - 임시 필수옵션 및 추가구성옵션 데이터 삭제
[2015-03-25 01:02:39] - 배송지테이블 누락데이터 생성
[2015-03-25 01:02:39] - 회원정보다운로드데이터 삭제
[2015-03-25 01:02:39] - 할인혜택 금액 저장
[2015-03-25 01:02:39] - 고객리마인드
[2015-03-25 01:02:39] - 집계테이블 생성
[2015-03-25 01:02:39] - 유입경로 통계에 referer_domain 추가
[2015-03-25 01:02:39] - 오래된 파일 삭제
[2015-03-25 01:02:39] - 상품디스플레이 캐시 파일 삭제
[2015-03-25 01:02:39] - 사용 용량 업데이트
[2015-03-26 01:00:25] - 회원 만료된 적립금/포인트 차감
[2015-03-26 01:00:25] - 쇼핑몰 분류 동기화
[2015-03-26 01:00:25] - 택배사 동기화
[2015-03-26 01:00:25] - 자동 주문 취소
[2015-03-26 01:00:25] - 장바구니 비우기
[2015-03-26 01:00:25] - 자동 구매확정
[2015-03-26 01:00:25] - 쿠폰상품 유효기간 체크 판매중지
[2015-03-26 01:00:25] - 통계데이터 삭제
[2015-03-26 01:00:25] - log 삭제
[2015-03-26 01:00:25] - 임시 필수옵션 및 추가구성옵션 데이터 삭제
[2015-03-26 01:00:25] - 배송지테이블 누락데이터 생성
[2015-03-26 01:00:25] - 회원정보다운로드데이터 삭제
[2015-03-26 01:00:25] - 할인혜택 금액 저장
[2015-03-26 01:00:25] - 고객리마인드
[2015-03-26 01:00:25] - 집계테이블 생성
[2015-03-26 01:00:25] - 유입경로 통계에 referer_domain 추가
[2015-03-26 01:00:25] - 오래된 파일 삭제
[2015-03-26 01:00:25] - 상품디스플레이 캐시 파일 삭제
[2015-03-26 01:00:25] - 사용 용량 업데이트
